[1/14] cl /c /Zp8 /GR /W3 /EHs /nologo /MD /D_CRT_SECURE_NO_DEPRECATE /D_SCL_SECURE_NO_DEPRECATE /D_SECURE_SCL=0   /DMATLAB_MEX_FILE  /DMATLAB_MEX_FILE /O2 /Oy- /DNDEBUG /fp:strict /I "." /I "F:\GitHub\Dragonsort\Generic" /I ".\interface" /I "C:\Program Files\MATLAB\R2020a\extern\include" /I "." -DMODEL=splitconv_mex -DMW_NEEDS_VERSION_H   rt_nonfinite.cpp /Fobuild\win64\rt_nonfinite.obj
rt_nonfinite.cpp
[2/14] cl /c /Zp8 /GR /W3 /EHs /nologo /MD /D_CRT_SECURE_NO_DEPRECATE /D_SCL_SECURE_NO_DEPRECATE /D_SECURE_SCL=0   /DMATLAB_MEX_FILE  /DMATLAB_MEX_FILE /O2 /Oy- /DNDEBUG /fp:strict /I "." /I "F:\GitHub\Dragonsort\Generic" /I ".\interface" /I "C:\Program Files\MATLAB\R2020a\extern\include" /I "." -DMODEL=splitconv_mex -DMW_NEEDS_VERSION_H   "C:\Program Files\MATLAB\R2020a\extern\version\cpp_mexapi_version.cpp" /Fobuild\win64\cpp_mexapi_version.obj
cpp_mexapi_version.cpp
[3/14] cl /c /Zp8 /GR /W3 /EHs /nologo /MD /D_CRT_SECURE_NO_DEPRECATE /D_SCL_SECURE_NO_DEPRECATE /D_SECURE_SCL=0   /DMATLAB_MEX_FILE  /DMATLAB_MEX_FILE /O2 /Oy- /DNDEBUG /fp:strict /I "." /I "F:\GitHub\Dragonsort\Generic" /I ".\interface" /I "C:\Program Files\MATLAB\R2020a\extern\include" /I "." -DMODEL=splitconv_mex -DMW_NEEDS_VERSION_H   interface\_coder_splitconv_info.cpp /Fobuild\win64\_coder_splitconv_info.obj
_coder_splitconv_info.cpp
[4/14] cl /c /Zp8 /GR /W3 /EHs /nologo /MD /D_CRT_SECURE_NO_DEPRECATE /D_SCL_SECURE_NO_DEPRECATE /D_SECURE_SCL=0   /DMATLAB_MEX_FILE  /DMATLAB_MEX_FILE /O2 /Oy- /DNDEBUG /fp:strict /I "." /I "F:\GitHub\Dragonsort\Generic" /I ".\interface" /I "C:\Program Files\MATLAB\R2020a\extern\include" /I "." -DMODEL=splitconv_mex -DMW_NEEDS_VERSION_H   splitconv_data.cpp /Fobuild\win64\splitconv_data.obj
splitconv_data.cpp
[5/14] cl /c /Zp8 /GR /W3 /EHs /nologo /MD /D_CRT_SECURE_NO_DEPRECATE /D_SCL_SECURE_NO_DEPRECATE /D_SECURE_SCL=0   /DMATLAB_MEX_FILE  /DMATLAB_MEX_FILE /O2 /Oy- /DNDEBUG /fp:strict /I "." /I "F:\GitHub\Dragonsort\Generic" /I ".\interface" /I "C:\Program Files\MATLAB\R2020a\extern\include" /I "." -DMODEL=splitconv_mex -DMW_NEEDS_VERSION_H   splitconv_terminate.cpp /Fobuild\win64\splitconv_terminate.obj
splitconv_terminate.cpp
[6/14] cl /c /Zp8 /GR /W3 /EHs /nologo /MD /D_CRT_SECURE_NO_DEPRECATE /D_SCL_SECURE_NO_DEPRECATE /D_SECURE_SCL=0   /DMATLAB_MEX_FILE  /DMATLAB_MEX_FILE /O2 /Oy- /DNDEBUG /fp:strict /I "." /I "F:\GitHub\Dragonsort\Generic" /I ".\interface" /I "C:\Program Files\MATLAB\R2020a\extern\include" /I "." -DMODEL=splitconv_mex -DMW_NEEDS_VERSION_H   interface\_coder_splitconv_mex.cpp /Fobuild\win64\_coder_splitconv_mex.obj
_coder_splitconv_mex.cpp
[7/14] cl /c /Zp8 /GR /W3 /EHs /nologo /MD /D_CRT_SECURE_NO_DEPRECATE /D_SCL_SECURE_NO_DEPRECATE /D_SECURE_SCL=0   /DMATLAB_MEX_FILE  /DMATLAB_MEX_FILE /O2 /Oy- /DNDEBUG /fp:strict /I "." /I "F:\GitHub\Dragonsort\Generic" /I ".\interface" /I "C:\Program Files\MATLAB\R2020a\extern\include" /I "." -DMODEL=splitconv_mex -DMW_NEEDS_VERSION_H   splitconv_initialize.cpp /Fobuild\win64\splitconv_initialize.obj
splitconv_initialize.cpp
[8/14] cl /c /Zp8 /GR /W3 /EHs /nologo /MD /D_CRT_SECURE_NO_DEPRECATE /D_SCL_SECURE_NO_DEPRECATE /D_SECURE_SCL=0   /DMATLAB_MEX_FILE  /DMATLAB_MEX_FILE /O2 /Oy- /DNDEBUG /fp:strict /I "." /I "F:\GitHub\Dragonsort\Generic" /I ".\interface" /I "C:\Program Files\MATLAB\R2020a\extern\include" /I "." -DMODEL=splitconv_mex -DMW_NEEDS_VERSION_H   splitconv.cpp /Fobuild\win64\splitconv.obj
splitconv.cpp
[9/14] cl /c /Zp8 /GR /W3 /EHs /nologo /MD /D_CRT_SECURE_NO_DEPRECATE /D_SCL_SECURE_NO_DEPRECATE /D_SECURE_SCL=0   /DMATLAB_MEX_FILE  /DMATLAB_MEX_FILE /O2 /Oy- /DNDEBUG /fp:strict /I "." /I "F:\GitHub\Dragonsort\Generic" /I ".\interface" /I "C:\Program Files\MATLAB\R2020a\extern\include" /I "." -DMODEL=splitconv_mex -DMW_NEEDS_VERSION_H   tconv.cpp /Fobuild\win64\tconv.obj
tconv.cpp
[10/14] cl /c /Zp8 /GR /W3 /EHs /nologo /MD /D_CRT_SECURE_NO_DEPRECATE /D_SCL_SECURE_NO_DEPRECATE /D_SECURE_SCL=0   /DMATLAB_MEX_FILE  /DMATLAB_MEX_FILE /O2 /Oy- /DNDEBUG /fp:strict /I "." /I "F:\GitHub\Dragonsort\Generic" /I ".\interface" /I "C:\Program Files\MATLAB\R2020a\extern\include" /I "." -DMODEL=splitconv_mex -DMW_NEEDS_VERSION_H   anyNonFinite.cpp /Fobuild\win64\anyNonFinite.obj
anyNonFinite.cpp
[11/14] cl /c /Zp8 /GR /W3 /EHs /nologo /MD /D_CRT_SECURE_NO_DEPRECATE /D_SCL_SECURE_NO_DEPRECATE /D_SECURE_SCL=0   /DMATLAB_MEX_FILE  /DMATLAB_MEX_FILE /O2 /Oy- /DNDEBUG /fp:strict /I "." /I "F:\GitHub\Dragonsort\Generic" /I ".\interface" /I "C:\Program Files\MATLAB\R2020a\extern\include" /I "." -DMODEL=splitconv_mex -DMW_NEEDS_VERSION_H   eml_int_forloop_overflow_check.cpp /Fobuild\win64\eml_int_forloop_overflow_check.obj
eml_int_forloop_overflow_check.cpp
[12/14] cl /c /Zp8 /GR /W3 /EHs /nologo /MD /D_CRT_SECURE_NO_DEPRECATE /D_SCL_SECURE_NO_DEPRECATE /D_SECURE_SCL=0   /DMATLAB_MEX_FILE  /DMATLAB_MEX_FILE /O2 /Oy- /DNDEBUG /fp:strict /I "." /I "F:\GitHub\Dragonsort\Generic" /I ".\interface" /I "C:\Program Files\MATLAB\R2020a\extern\include" /I "." -DMODEL=splitconv_mex -DMW_NEEDS_VERSION_H   indexShapeCheck.cpp /Fobuild\win64\indexShapeCheck.obj
indexShapeCheck.cpp
[13/14] cl /c /Zp8 /GR /W3 /EHs /nologo /MD /D_CRT_SECURE_NO_DEPRECATE /D_SCL_SECURE_NO_DEPRECATE /D_SECURE_SCL=0   /DMATLAB_MEX_FILE  /DMATLAB_MEX_FILE /O2 /Oy- /DNDEBUG /fp:strict /I "." /I "F:\GitHub\Dragonsort\Generic" /I ".\interface" /I "C:\Program Files\MATLAB\R2020a\extern\include" /I "." -DMODEL=splitconv_mex -DMW_NEEDS_VERSION_H   interface\_coder_splitconv_api.cpp /Fobuild\win64\_coder_splitconv_api.obj
_coder_splitconv_api.cpp
[14/14] link build\win64\rt_nonfinite.obj build\win64\splitconv_data.obj build\win64\splitconv_initialize.obj build\win64\splitconv_terminate.obj build\win64\splitconv.obj build\win64\tconv.obj build\win64\anyNonFinite.obj build\win64\eml_int_forloop_overflow_check.obj build\win64\indexShapeCheck.obj build\win64\_coder_splitconv_api.obj build\win64\_coder_splitconv_mex.obj build\win64\_coder_splitconv_info.obj build\win64\cpp_mexapi_version.obj /nologo /manifest   /DLL /LIBPATH:"C:\Program Files\MATLAB\R2020a\extern\lib\win64\microsoft" libmx.lib libmex.lib libmat.lib kernel32.lib user32.lib gdi32.lib winspool.lib comdlg32.lib advapi32.lib shell32.lib ole32.lib oleaut32.lib uuid.lib odbc32.lib odbccp32.lib libMatlabDataArray.lib libMatlabEngine.lib  /out:"splitconv_mex.mexw64" /LIBPATH:"C:\Program Files\MATLAB\R2020a\extern\lib\win64\microsoft" libmwblas.lib libemlrt.lib libcovrt.lib libut.lib libmwmathutil.lib 
   Creating library splitconv_mex.lib and object splitconv_mex.exp
